<?xml version="1.0" encoding="UTF-8"?>
<testsuite name="ttn.bootcamp.linksharing.LinksharingApplicationTests" tests="1" skipped="0" failures="0" errors="0" timestamp="2020-05-25T16:21:29" hostname="sanjeev" time="0.05">
  <properties/>
  <testcase name="contextLoads" classname="ttn.bootcamp.linksharing.LinksharingApplicationTests" time="0.05"/>
  <system-out><![CDATA[21:51:20.988 [Test worker] DEBUG org.springframework.test.context.junit4.SpringJUnit4ClassRunner - SpringJUnit4ClassRunner constructor called with [class ttn.bootcamp.linksharing.LinksharingApplicationTests]
21:51:20.996 [Test worker] DEBUG org.springframework.test.context.BootstrapUtils - Instantiating CacheAwareContextLoaderDelegate from class [org.springframework.test.context.cache.DefaultCacheAwareContextLoaderDelegate]
21:51:21.003 [Test worker] DEBUG org.springframework.test.context.BootstrapUtils - Instantiating BootstrapContext using constructor [public org.springframework.test.context.support.DefaultBootstrapContext(java.lang.Class,org.springframework.test.context.CacheAwareContextLoaderDelegate)]
21:51:21.018 [Test worker] DEBUG org.springframework.test.context.BootstrapUtils - Instantiating TestContextBootstrapper for test class [ttn.bootcamp.linksharing.LinksharingApplicationTests] from class [org.springframework.boot.test.context.SpringBootTestContextBootstrapper]
21:51:21.027 [Test worker] INFO org.springframework.boot.test.context.SpringBootTestContextBootstrapper - Neither @ContextConfiguration nor @ContextHierarchy found for test class [ttn.bootcamp.linksharing.LinksharingApplicationTests], using SpringBootContextLoader
21:51:21.030 [Test worker] DEBUG org.springframework.test.context.support.AbstractContextLoader - Did not detect default resource location for test class [ttn.bootcamp.linksharing.LinksharingApplicationTests]: class path resource [ttn/bootcamp/linksharing/LinksharingApplicationTests-context.xml] does not exist
21:51:21.030 [Test worker] DEBUG org.springframework.test.context.support.AbstractContextLoader - Did not detect default resource location for test class [ttn.bootcamp.linksharing.LinksharingApplicationTests]: class path resource [ttn/bootcamp/linksharing/LinksharingApplicationTestsContext.groovy] does not exist
21:51:21.031 [Test worker] INFO org.springframework.test.context.support.AbstractContextLoader - Could not detect default resource locations for test class [ttn.bootcamp.linksharing.LinksharingApplicationTests]: no resource found for suffixes {-context.xml, Context.groovy}.
21:51:21.031 [Test worker] INFO org.springframework.test.context.support.AnnotationConfigContextLoaderUtils - Could not detect default configuration classes for test class [ttn.bootcamp.linksharing.LinksharingApplicationTests]: LinksharingApplicationTests does not declare any static, non-private, non-final, nested classes annotated with @Configuration.
21:51:21.071 [Test worker] DEBUG org.springframework.test.context.support.ActiveProfilesUtils - Could not find an 'annotation declaring class' for annotation type [org.springframework.test.context.ActiveProfiles] and class [ttn.bootcamp.linksharing.LinksharingApplicationTests]
21:51:21.128 [Test worker] DEBUG org.springframework.context.annotation.ClassPathScanningCandidateComponentProvider - Identified candidate component class: file [/home/sanjeev/Desktop/6th_Sem_Project/linksharing/build/classes/java/main/ttn/bootcamp/linksharing/LinksharingApplication.class]
21:51:21.129 [Test worker] INFO org.springframework.boot.test.context.SpringBootTestContextBootstrapper - Found @SpringBootConfiguration ttn.bootcamp.linksharing.LinksharingApplication for test class ttn.bootcamp.linksharing.LinksharingApplicationTests
21:51:21.215 [Test worker] DEBUG org.springframework.boot.test.context.SpringBootTestContextBootstrapper - @TestExecutionListeners is not present for class [ttn.bootcamp.linksharing.LinksharingApplicationTests]: using defaults.
21:51:21.216 [Test worker] INFO org.springframework.boot.test.context.SpringBootTestContextBootstrapper - Loaded default TestExecutionListener class names from location [META-INF/spring.factories]: [org.springframework.boot.test.autoconfigure.restdocs.RestDocsTestExecutionListener, org.springframework.boot.test.autoconfigure.web.client.MockRestServiceServerResetTestExecutionListener, org.springframework.boot.test.autoconfigure.web.servlet.MockMvcPrintOnlyOnFailureTestExecutionListener, org.springframework.boot.test.autoconfigure.web.servlet.WebDriverTestExecutionListener, org.springframework.boot.test.mock.mockito.MockitoTestExecutionListener, org.springframework.boot.test.mock.mockito.ResetMocksTestExecutionListener, org.springframework.test.context.web.ServletTestExecutionListener, org.springframework.test.context.support.DirtiesContextBeforeModesTestExecutionListener, org.springframework.test.context.support.DependencyInjectionTestExecutionListener, org.springframework.test.context.support.DirtiesContextTestExecutionListener, org.springframework.test.context.transaction.TransactionalTestExecutionListener, org.springframework.test.context.jdbc.SqlScriptsTestExecutionListener]
21:51:21.229 [Test worker] INFO org.springframework.boot.test.context.SpringBootTestContextBootstrapper - Using TestExecutionListeners: [org.springframework.test.context.web.ServletTestExecutionListener@52869794, org.springframework.test.context.support.DirtiesContextBeforeModesTestExecutionListener@7bccd752, org.springframework.boot.test.mock.mockito.MockitoTestExecutionListener@46175e4e, org.springframework.boot.test.autoconfigure.SpringBootDependencyInjectionTestExecutionListener@6645d1c2, org.springframework.test.context.support.DirtiesContextTestExecutionListener@99d0a9, org.springframework.test.context.transaction.TransactionalTestExecutionListener@1df2f1af, org.springframework.test.context.jdbc.SqlScriptsTestExecutionListener@61eb2971, org.springframework.boot.test.autoconfigure.restdocs.RestDocsTestExecutionListener@29682f4f, org.springframework.boot.test.autoconfigure.web.client.MockRestServiceServerResetTestExecutionListener@673aae53, org.springframework.boot.test.autoconfigure.web.servlet.MockMvcPrintOnlyOnFailureTestExecutionListener@6d4f5492, org.springframework.boot.test.autoconfigure.web.servlet.WebDriverTestExecutionListener@55d758eb, org.springframework.boot.test.mock.mockito.ResetMocksTestExecutionListener@3dad1749]
21:51:21.231 [Test worker] DEBUG org.springframework.test.annotation.ProfileValueUtils - Retrieved @ProfileValueSourceConfiguration [null] for test class [ttn.bootcamp.linksharing.LinksharingApplicationTests]
21:51:21.232 [Test worker] DEBUG org.springframework.test.annotation.ProfileValueUtils - Retrieved ProfileValueSource type [class org.springframework.test.annotation.SystemProfileValueSource] for class [ttn.bootcamp.linksharing.LinksharingApplicationTests]
21:51:21.232 [Test worker] DEBUG org.springframework.test.annotation.ProfileValueUtils - Retrieved @ProfileValueSourceConfiguration [null] for test class [ttn.bootcamp.linksharing.LinksharingApplicationTests]
21:51:21.232 [Test worker] DEBUG org.springframework.test.annotation.ProfileValueUtils - Retrieved ProfileValueSource type [class org.springframework.test.annotation.SystemProfileValueSource] for class [ttn.bootcamp.linksharing.LinksharingApplicationTests]
21:51:21.236 [Test worker] DEBUG org.springframework.test.context.support.AbstractDirtiesContextTestExecutionListener - Before test class: context [DefaultTestContext@4727dcd testClass = LinksharingApplicationTests, testInstance = [null], testMethod = [null], testException = [null], mergedContextConfiguration = [WebMergedContextConfiguration@534236eb testClass = LinksharingApplicationTests, locations = '{}', classes = '{class ttn.bootcamp.linksharing.LinksharingApplication}', contextInitializerClasses = '[]', activeProfiles = '{}', propertySourceLocations = '{}', propertySourceProperties = '{org.springframework.boot.test.context.SpringBootTestContextBootstrapper=true}', contextCustomizers = set[org.springframework.boot.test.autoconfigure.properties.PropertyMappingContextCustomizer@0, org.springframework.boot.test.autoconfigure.web.servlet.WebDriverContextCustomizerFactory$Customizer@4c692411, org.springframework.boot.test.context.filter.ExcludeFilterContextCustomizer@1cd99d07, org.springframework.boot.test.json.DuplicateJsonObjectContextCustomizerFactory$DuplicateJsonObjectContextCustomizer@75997352, org.springframework.boot.test.mock.mockito.MockitoContextCustomizer@0, org.springframework.boot.test.web.client.TestRestTemplateContextCustomizer@972da98], resourceBasePath = 'src/main/webapp', contextLoader = 'org.springframework.boot.test.context.SpringBootContextLoader', parent = [null]], attributes = map['org.springframework.test.context.web.ServletTestExecutionListener.activateListener' -> true]], class annotated with @DirtiesContext [false] with mode [null].
21:51:21.236 [Test worker] DEBUG org.springframework.test.annotation.ProfileValueUtils - Retrieved @ProfileValueSourceConfiguration [null] for test class [ttn.bootcamp.linksharing.LinksharingApplicationTests]
21:51:21.236 [Test worker] DEBUG org.springframework.test.annotation.ProfileValueUtils - Retrieved ProfileValueSource type [class org.springframework.test.annotation.SystemProfileValueSource] for class [ttn.bootcamp.linksharing.LinksharingApplicationTests]
21:51:21.262 [Test worker] DEBUG org.springframework.test.context.support.TestPropertySourceUtils - Adding inlined properties to environment: {spring.jmx.enabled=false, org.springframework.boot.test.context.SpringBootTestContextBootstrapper=true, server.port=-1}

  .   ____          _            __ _ _
 /\\ / ___'_ __ _ _(_)_ __  __ _ \ \ \ \
( ( )\___ | '_ | '_| | '_ \/ _` | \ \ \ \
 \\/  ___)| |_)| | | | | || (_| |  ) ) ) )
  '  |____| .__|_| |_|_| |_\__, | / / / /
 =========|_|==============|___/=/_/_/_/
 :: Spring Boot ::        (v2.1.3.RELEASE)

2020-05-25 21:51:21.479  INFO 5457 --- [    Test worker] t.b.l.LinksharingApplicationTests        : Starting LinksharingApplicationTests on sanjeev with PID 5457 (started by sanjeev in /home/sanjeev/Desktop/6th_Sem_Project/linksharing)
2020-05-25 21:51:21.481  INFO 5457 --- [    Test worker] t.b.l.LinksharingApplicationTests        : No active profile set, falling back to default profiles: default
2020-05-25 21:51:22.361  INFO 5457 --- [    Test worker] .s.d.r.c.RepositoryConfigurationDelegate : Bootstrapping Spring Data repositories in DEFAULT mode.
2020-05-25 21:51:22.478  INFO 5457 --- [    Test worker] .s.d.r.c.RepositoryConfigurationDelegate : Finished Spring Data repository scanning in 105ms. Found 6 repository interfaces.
2020-05-25 21:51:23.140  INFO 5457 --- [    Test worker] trationDelegate$BeanPostProcessorChecker : Bean 'org.springframework.transaction.annotation.ProxyTransactionManagementConfiguration' of type [org.springframework.transaction.annotation.ProxyTransactionManagementConfiguration$$EnhancerBySpringCGLIB$$2c548f94] is not eligible for getting processed by all BeanPostProcessors (for example: not eligible for auto-proxying)
2020-05-25 21:51:23.582  INFO 5457 --- [    Test worker] com.zaxxer.hikari.HikariDataSource       : HikariPool-1 - Starting...
2020-05-25 21:51:23.589  WARN 5457 --- [    Test worker] com.zaxxer.hikari.util.DriverDataSource  : Registered driver with driverClassName=com.mysql.jdbc.Driver was not found, trying direct instantiation.
2020-05-25 21:51:24.404  INFO 5457 --- [    Test worker] com.zaxxer.hikari.HikariDataSource       : HikariPool-1 - Start completed.
2020-05-25 21:51:24.504  INFO 5457 --- [    Test worker] o.hibernate.jpa.internal.util.LogHelper  : HHH000204: Processing PersistenceUnitInfo [
	name: default
	...]
2020-05-25 21:51:24.604  INFO 5457 --- [    Test worker] org.hibernate.Version                    : HHH000412: Hibernate Core {5.3.7.Final}
2020-05-25 21:51:24.606  INFO 5457 --- [    Test worker] org.hibernate.cfg.Environment            : HHH000206: hibernate.properties not found
2020-05-25 21:51:24.883  INFO 5457 --- [    Test worker] o.hibernate.annotations.common.Version   : HCANN000001: Hibernate Commons Annotations {5.0.4.Final}
2020-05-25 21:51:25.132  INFO 5457 --- [    Test worker] org.hibernate.dialect.Dialect            : HHH000400: Using dialect: org.hibernate.dialect.MySQL5InnoDBDialect
2020-05-25 21:51:27.128  INFO 5457 --- [    Test worker] j.LocalContainerEntityManagerFactoryBean : Initialized JPA EntityManagerFactory for persistence unit 'default'
2020-05-25 21:51:27.567  INFO 5457 --- [    Test worker] o.h.h.i.QueryTranslatorFactoryInitiator  : HHH000397: Using ASTQueryTranslatorFactory
2020-05-25 21:51:28.821  INFO 5457 --- [    Test worker] o.s.s.concurrent.ThreadPoolTaskExecutor  : Initializing ExecutorService 'applicationTaskExecutor'
2020-05-25 21:51:28.894  WARN 5457 --- [    Test worker] aWebConfiguration$JpaWebMvcConfiguration : spring.jpa.open-in-view is enabled by default. Therefore, database queries may be performed during view rendering. Explicitly configure spring.jpa.open-in-view to disable this warning
2020-05-25 21:51:29.230  INFO 5457 --- [    Test worker] o.s.b.a.w.s.WelcomePageHandlerMapping    : Adding welcome page template: index
2020-05-25 21:51:29.515  INFO 5457 --- [    Test worker] t.b.l.LinksharingApplicationTests        : Started LinksharingApplicationTests in 8.247 seconds (JVM running for 9.141)
]]></system-out>
  <system-err><![CDATA[Loading class `com.mysql.jdbc.Driver'. This is deprecated. The new driver class is `com.mysql.cj.jdbc.Driver'. The driver is automatically registered via the SPI and manual loading of the driver class is generally unnecessary.
]]></system-err>
</testsuite>
